<?xml version="1.0" encoding="UTF-8"?>
<!-- Generated by org.testng.reporters.JUnitReportReporter -->
<testsuite skipped="0" hostname="Lenovo" name="com.TestNG.Features.DataProvider_MultipleData" tests="4" failures="0" timestamp="2022-07-29T12:14:10 IST" time="0.031" errors="0">
  <testcase name="demo_Method" time="0.000" classname="com.TestNG.Features.DataProvider_MultipleData"/>
  <system-out/>
  <testcase name="demo_Method" time="0.016" classname="com.TestNG.Features.DataProvider_MultipleData"/>
  <system-out/>
  <testcase name="demo_Method" time="0.000" classname="com.TestNG.Features.DataProvider_MultipleData"/>
  <system-out/>
  <testcase name="demo_Method" time="0.015" classname="com.TestNG.Features.DataProvider_MultipleData"/>
  <system-out/>
</testsuite> <!-- com.TestNG.Features.DataProvider_MultipleData -->
