<?xml version="1.0" encoding="UTF-8"?>
<!-- Generated by org.testng.reporters.JUnitReportReporter -->
<testsuite skipped="0" hostname="Lenovo" name="com.TestNG.Features.Assert_Demo" tests="2" failures="0" timestamp="2022-07-29T12:25:01 IST" time="0.053" errors="0">
  <testcase name="demo_A" time="0.053" classname="com.TestNG.Features.Assert_Demo"/>
  <system-out/>
  <testcase name="demo_B" time="0.000" classname="com.TestNG.Features.Assert_Demo"/>
  <system-out/>
</testsuite> <!-- com.TestNG.Features.Assert_Demo -->
