<?xml version="1.0" encoding="UTF-8"?>
<!-- Generated by org.testng.reporters.JUnitReportReporter -->
<testsuite skipped="0" hostname="Lenovo" name="com.TestNG.Features.TestNG_Demo" tests="2" failures="0" timestamp="2022-07-31T19:04:27 IST" time="54.906" errors="0">
  <testcase name="main_Demo" time="54.897" classname="com.TestNG.Features.TestNG_Demo"/>
  <system-out/>
  <testcase name="test_Demo" time="0.009" classname="com.TestNG.Features.TestNG_Demo"/>
  <system-out/>
</testsuite> <!-- com.TestNG.Features.TestNG_Demo -->
