<?xml version="1.0" encoding="UTF-8"?>
<!-- Generated by org.testng.reporters.JUnitReportReporter -->
<testsuite skipped="0" hostname="Lenovo" name="com.TestNG.Features.Parameter_SingleData" tests="2" failures="0" timestamp="2022-07-29T11:56:00 IST" time="0.034" errors="0">
  <testcase name="single_Data" time="0.000" classname="com.TestNG.Features.Parameter_SingleData"/>
  <system-out/>
  <testcase name="option_Data" time="0.034" classname="com.TestNG.Features.Parameter_SingleData"/>
  <system-out/>
</testsuite> <!-- com.TestNG.Features.Parameter_SingleData -->
